This is pdfTeX, Version 3.14159265-2.6-1.40.21 (TeX Live 2020/W32TeX) (preloaded format=pdflatex 2020.4.16)  17 JUL 2025 18:55
entering extended mode
 restricted \write18 enabled.
 %&-line parsing enabled.
**Supplementary_appendix.tex
(./Supplementary_appendix.tex
LaTeX2e <2020-02-02> patch level 5
L3 programming layer <2020-04-06> (c:/texlive/2020/texmf-dist/tex/latex/base/ar
ticle.cls
Document Class: article 2019/12/20 v1.4l Standard LaTeX document class
(c:/texlive/2020/texmf-dist/tex/latex/base/size10.clo
File: size10.clo 2019/12/20 v1.4l Standard LaTeX file (size option)
)
\c@part=\count167
\c@section=\count168
\c@subsection=\count169
\c@subsubsection=\count170
\c@paragraph=\count171
\c@subparagraph=\count172
\c@figure=\count173
\c@table=\count174
\abovecaptionskip=\skip47
\belowcaptionskip=\skip48
\bibindent=\dimen134
) (c:/texlive/2020/texmf-dist/tex/latex/amsmath/amsmath.sty
Package: amsmath 2020/01/20 v2.17e AMS math features
\@mathmargin=\skip49
For additional information on amsmath, use the `?' option.
(c:/texlive/2020/texmf-dist/tex/latex/amsmath/amstext.sty
Package: amstext 2000/06/29 v2.01 AMS text
(c:/texlive/2020/texmf-dist/tex/latex/amsmath/amsgen.sty
File: amsgen.sty 1999/11/30 v2.0 generic functions
\@emptytoks=\toks15
\ex@=\dimen135
)) (c:/texlive/2020/texmf-dist/tex/latex/amsmath/amsbsy.sty
Package: amsbsy 1999/11/29 v1.2d Bold Symbols
\pmbraise@=\dimen136
) (c:/texlive/2020/texmf-dist/tex/latex/amsmath/amsopn.sty
Package: amsopn 2016/03/08 v2.02 operator names
)
\inf@bad=\count175
LaTeX Info: Redefining \frac on input line 227.
\uproot@=\count176
\leftroot@=\count177
LaTeX Info: Redefining \overline on input line 389.
\classnum@=\count178
\DOTSCASE@=\count179
LaTeX Info: Redefining \ldots on input line 486.
LaTeX Info: Redefining \dots on input line 489.
LaTeX Info: Redefining \cdots on input line 610.
\Mathstrutbox@=\box45
\strutbox@=\box46
\big@size=\dimen137
LaTeX Font Info:    Redeclaring font encoding OML on input line 733.
LaTeX Font Info:    Redeclaring font encoding OMS on input line 734.
\macc@depth=\count180
\c@MaxMatrixCols=\count181
\dotsspace@=\muskip16
\c@parentequation=\count182
\dspbrk@lvl=\count183
\tag@help=\toks16
\row@=\count184
\column@=\count185
\maxfields@=\count186
\andhelp@=\toks17
\eqnshift@=\dimen138
\alignsep@=\dimen139
\tagshift@=\dimen140
\tagwidth@=\dimen141
\totwidth@=\dimen142
\lineht@=\dimen143
\@envbody=\toks18
\multlinegap=\skip50
\multlinetaggap=\skip51
\mathdisplay@stack=\toks19
LaTeX Info: Redefining \[ on input line 2859.
LaTeX Info: Redefining \] on input line 2860.
) (c:/texlive/2020/texmf-dist/tex/latex/amsfonts/amssymb.sty
Package: amssymb 2013/01/14 v3.01 AMS font symbols
(c:/texlive/2020/texmf-dist/tex/latex/amsfonts/amsfonts.sty
Package: amsfonts 2013/01/14 v3.01 Basic AMSFonts support
\symAMSa=\mathgroup4
\symAMSb=\mathgroup5
LaTeX Font Info:    Redeclaring math symbol \hbar on input line 98.
LaTeX Font Info:    Overwriting math alphabet `\mathfrak' in version `bold'
(Font)                  U/euf/m/n --> U/euf/b/n on input line 106.
)) (c:/texlive/2020/texmf-dist/tex/generic/iftex/iftex.sty
Package: iftex 2020/03/06 v1.0d TeX engine tests
) (c:/texlive/2020/texmf-dist/tex/latex/base/fontenc.sty
Package: fontenc 2020/02/11 v2.0o Standard LaTeX package
) (c:/texlive/2020/texmf-dist/tex/latex/base/inputenc.sty
Package: inputenc 2018/08/11 v1.3c Input encoding file
\inpenc@prehook=\toks20
\inpenc@posthook=\toks21
) (c:/texlive/2020/texmf-dist/tex/latex/base/textcomp.sty
Package: textcomp 2020/02/02 v2.0n Standard LaTeX package
) (c:/texlive/2020/texmf-dist/tex/latex/lm/lmodern.sty
Package: lmodern 2009/10/30 v1.6 Latin Modern Fonts
LaTeX Font Info:    Overwriting symbol font `operators' in version `normal'
(Font)                  OT1/cmr/m/n --> OT1/lmr/m/n on input line 22.
LaTeX Font Info:    Overwriting symbol font `letters' in version `normal'
(Font)                  OML/cmm/m/it --> OML/lmm/m/it on input line 23.
LaTeX Font Info:    Overwriting symbol font `symbols' in version `normal'
(Font)                  OMS/cmsy/m/n --> OMS/lmsy/m/n on input line 24.
LaTeX Font Info:    Overwriting symbol font `largesymbols' in version `normal'
(Font)                  OMX/cmex/m/n --> OMX/lmex/m/n on input line 25.
LaTeX Font Info:    Overwriting symbol font `operators' in version `bold'
(Font)                  OT1/cmr/bx/n --> OT1/lmr/bx/n on input line 26.
LaTeX Font Info:    Overwriting symbol font `letters' in version `bold'
(Font)                  OML/cmm/b/it --> OML/lmm/b/it on input line 27.
LaTeX Font Info:    Overwriting symbol font `symbols' in version `bold'
(Font)                  OMS/cmsy/b/n --> OMS/lmsy/b/n on input line 28.
LaTeX Font Info:    Overwriting symbol font `largesymbols' in version `bold'
(Font)                  OMX/cmex/m/n --> OMX/lmex/m/n on input line 29.
LaTeX Font Info:    Overwriting math alphabet `\mathbf' in version `normal'
(Font)                  OT1/cmr/bx/n --> OT1/lmr/bx/n on input line 31.
LaTeX Font Info:    Overwriting math alphabet `\mathsf' in version `normal'
(Font)                  OT1/cmss/m/n --> OT1/lmss/m/n on input line 32.
LaTeX Font Info:    Overwriting math alphabet `\mathit' in version `normal'
(Font)                  OT1/cmr/m/it --> OT1/lmr/m/it on input line 33.
LaTeX Font Info:    Overwriting math alphabet `\mathtt' in version `normal'
(Font)                  OT1/cmtt/m/n --> OT1/lmtt/m/n on input line 34.
LaTeX Font Info:    Overwriting math alphabet `\mathbf' in version `bold'
(Font)                  OT1/cmr/bx/n --> OT1/lmr/bx/n on input line 35.
LaTeX Font Info:    Overwriting math alphabet `\mathsf' in version `bold'
(Font)                  OT1/cmss/bx/n --> OT1/lmss/bx/n on input line 36.
LaTeX Font Info:    Overwriting math alphabet `\mathit' in version `bold'
(Font)                  OT1/cmr/bx/it --> OT1/lmr/bx/it on input line 37.
LaTeX Font Info:    Overwriting math alphabet `\mathtt' in version `bold'
(Font)                  OT1/cmtt/m/n --> OT1/lmtt/m/n on input line 38.
) (c:/texlive/2020/texmf-dist/tex/latex/upquote/upquote.sty
Package: upquote 2012/04/19 v1.3 upright-quote and grave-accent glyphs in verba
tim
) (c:/texlive/2020/texmf-dist/tex/latex/microtype/microtype.sty
Package: microtype 2019/11/18 v2.7d Micro-typographical refinements (RS)
(c:/texlive/2020/texmf-dist/tex/latex/graphics/keyval.sty
Package: keyval 2014/10/28 v1.15 key=value parser (DPC)
\KV@toks@=\toks22
)
\MT@toks=\toks23
\MT@count=\count187
LaTeX Info: Redefining \textls on input line 790.
\MT@outer@kern=\dimen144
LaTeX Info: Redefining \textmicrotypecontext on input line 1354.
\MT@listname@count=\count188
(c:/texlive/2020/texmf-dist/tex/latex/microtype/microtype-pdftex.def
File: microtype-pdftex.def 2019/11/18 v2.7d Definitions specific to pdftex (RS)

LaTeX Info: Redefining \lsstyle on input line 914.
LaTeX Info: Redefining \lslig on input line 914.
\MT@outer@space=\skip52
)
Package microtype Info: Loading configuration file microtype.cfg.
(c:/texlive/2020/texmf-dist/tex/latex/microtype/microtype.cfg
File: microtype.cfg 2019/11/18 v2.7d microtype main configuration file (RS)
)) (c:/texlive/2020/texmf-dist/tex/latex/parskip/parskip.sty
Package: parskip 2020-01-22 v2.0d non-zero parskip adjustments
(c:/texlive/2020/texmf-dist/tex/latex/kvoptions/kvoptions.sty
Package: kvoptions 2019/11/29 v3.13 Key value format for package options (HO)
(c:/texlive/2020/texmf-dist/tex/generic/ltxcmds/ltxcmds.sty
Package: ltxcmds 2019/12/15 v1.24 LaTeX kernel commands for general use (HO)
) (c:/texlive/2020/texmf-dist/tex/generic/kvsetkeys/kvsetkeys.sty
Package: kvsetkeys 2019/12/15 v1.18 Key value parser (HO)
)) (c:/texlive/2020/texmf-dist/tex/latex/etoolbox/etoolbox.sty
Package: etoolbox 2019/09/21 v2.5h e-TeX tools for LaTeX (JAW)
\etb@tempcnta=\count189
)) (c:/texlive/2020/texmf-dist/tex/latex/xcolor/xcolor.sty
Package: xcolor 2016/05/11 v2.12 LaTeX color extensions (UK)
(c:/texlive/2020/texmf-dist/tex/latex/graphics-cfg/color.cfg
File: color.cfg 2016/01/02 v1.6 sample color configuration
)
Package xcolor Info: Driver file: pdftex.def on input line 225.
(c:/texlive/2020/texmf-dist/tex/latex/graphics-def/pdftex.def
File: pdftex.def 2018/01/08 v1.0l Graphics/color driver for pdftex
)
Package xcolor Info: Model `cmy' substituted by `cmy0' on input line 1348.
Package xcolor Info: Model `hsb' substituted by `rgb' on input line 1352.
Package xcolor Info: Model `RGB' extended on input line 1364.
Package xcolor Info: Model `HTML' substituted by `rgb' on input line 1366.
Package xcolor Info: Model `Hsb' substituted by `hsb' on input line 1367.
Package xcolor Info: Model `tHsb' substituted by `hsb' on input line 1368.
Package xcolor Info: Model `HSB' substituted by `hsb' on input line 1369.
Package xcolor Info: Model `Gray' substituted by `gray' on input line 1370.
Package xcolor Info: Model `wave' substituted by `hsb' on input line 1371.
) (c:/texlive/2020/texmf-dist/tex/latex/geometry/geometry.sty
Package: geometry 2020/01/02 v5.9 Page Geometry
(c:/texlive/2020/texmf-dist/tex/generic/iftex/ifvtex.sty
Package: ifvtex 2019/10/25 v1.7 ifvtex legacy package. Use iftex instead.
)
\Gm@cnth=\count190
\Gm@cntv=\count191
\c@Gm@tempcnt=\count192
\Gm@bindingoffset=\dimen145
\Gm@wd@mp=\dimen146
\Gm@odd@mp=\dimen147
\Gm@even@mp=\dimen148
\Gm@layoutwidth=\dimen149
\Gm@layoutheight=\dimen150
\Gm@layouthoffset=\dimen151
\Gm@layoutvoffset=\dimen152
\Gm@dimlist=\toks24
) (c:/texlive/2020/texmf-dist/tex/latex/tools/longtable.sty
Package: longtable 2020/01/07 v4.13 Multi-page Table package (DPC)
\LTleft=\skip53
\LTright=\skip54
\LTpre=\skip55
\LTpost=\skip56
\LTchunksize=\count193
\LTcapwidth=\dimen153
\LT@head=\box47
\LT@firsthead=\box48
\LT@foot=\box49
\LT@lastfoot=\box50
\LT@cols=\count194
\LT@rows=\count195
\c@LT@tables=\count196
\c@LT@chunks=\count197
\LT@p@ftn=\toks25
) (c:/texlive/2020/texmf-dist/tex/latex/booktabs/booktabs.sty
Package: booktabs 2020/01/12 v1.61803398 Publication quality tables
\heavyrulewidth=\dimen154
\lightrulewidth=\dimen155
\cmidrulewidth=\dimen156
\belowrulesep=\dimen157
\belowbottomsep=\dimen158
\aboverulesep=\dimen159
\abovetopsep=\dimen160
\cmidrulesep=\dimen161
\cmidrulekern=\dimen162
\defaultaddspace=\dimen163
\@cmidla=\count198
\@cmidlb=\count199
\@aboverulesep=\dimen164
\@belowrulesep=\dimen165
\@thisruleclass=\count266
\@lastruleclass=\count267
\@thisrulewidth=\dimen166
) (c:/texlive/2020/texmf-dist/tex/latex/tools/array.sty
Package: array 2019/08/31 v2.4l Tabular extension package (FMi)
\col@sep=\dimen167
\ar@mcellbox=\box51
\extrarowheight=\dimen168
\NC@list=\toks26
\extratabsurround=\skip57
\backup@length=\skip58
\ar@cellbox=\box52
) (c:/texlive/2020/texmf-dist/tex/latex/tools/calc.sty
Package: calc 2017/05/25 v4.3 Infix arithmetic (KKT,FJ)
\calc@Acount=\count268
\calc@Bcount=\count269
\calc@Adimen=\dimen169
\calc@Bdimen=\dimen170
\calc@Askip=\skip59
\calc@Bskip=\skip60
LaTeX Info: Redefining \setlength on input line 80.
LaTeX Info: Redefining \addtolength on input line 81.
\calc@Ccount=\count270
\calc@Cskip=\skip61
) (c:/texlive/2020/texmf-dist/tex/latex/footnotehyper/footnotehyper.sty
Package: footnotehyper 2019/11/07 v1.1a hyperref aware footnote.sty (JFB)
\FNH@notes=\box53
\FNH@width=\dimen171
) (c:/texlive/2020/texmf-dist/tex/latex/graphics/graphicx.sty
Package: graphicx 2019/11/30 v1.2a Enhanced LaTeX Graphics (DPC,SPQR)
(c:/texlive/2020/texmf-dist/tex/latex/graphics/graphics.sty
Package: graphics 2019/11/30 v1.4a Standard LaTeX Graphics (DPC,SPQR)
(c:/texlive/2020/texmf-dist/tex/latex/graphics/trig.sty
Package: trig 2016/01/03 v1.10 sin cos tan (DPC)
) (c:/texlive/2020/texmf-dist/tex/latex/graphics-cfg/graphics.cfg
File: graphics.cfg 2016/06/04 v1.11 sample graphics configuration
)
Package graphics Info: Driver file: pdftex.def on input line 105.
)
\Gin@req@height=\dimen172
\Gin@req@width=\dimen173
) (c:/texlive/2020/texmf-dist/tex/latex/float/float.sty
Package: float 2001/11/08 v1.3d Float enhancements (AL)
\c@float@type=\count271
\float@exts=\toks27
\float@box=\box54
\@float@everytoks=\toks28
\@floatcapt=\box55
) (c:/texlive/2020/texmf-dist/tex/latex/multirow/multirow.sty
Package: multirow 2019/05/31 v2.5 Span multiple rows of a table
\multirow@colwidth=\skip62
\multirow@cntb=\count272
\multirow@dima=\skip63
\bigstrutjot=\dimen174
) (c:/texlive/2020/texmf-dist/tex/latex/wrapfig/wrapfig.sty
\wrapoverhang=\dimen175
\WF@size=\dimen176
\c@WF@wrappedlines=\count273
\WF@box=\box56
\WF@everypar=\toks29
Package: wrapfig 2003/01/31  v 3.6
) (c:/texlive/2020/texmf-dist/tex/latex/colortbl/colortbl.sty
Package: colortbl 2020/01/04 v1.0e Color table columns (DPC)
\everycr=\toks30
\minrowclearance=\skip64
) (c:/texlive/2020/texmf-dist/tex/latex/pdflscape/pdflscape.sty
Package: pdflscape 2019/12/05 v0.12 Display of landscape pages in PDF (HO)
(c:/texlive/2020/texmf-dist/tex/latex/graphics/lscape.sty
Package: lscape 2000/10/22 v3.01 Landscape Pages (DPC)
)
Package pdflscape Info: Auto-detected driver: pdftex on input line 81.
) (c:/texlive/2020/texmf-dist/tex/latex/tabu/tabu.sty
Package: tabu 2019/01/11 v2.9 - flexible LaTeX tabulars (FC+tabu-fixed)
(c:/texlive/2020/texmf-dist/tex/latex/varwidth/varwidth.sty
Package: varwidth 2009/03/30 ver 0.92;  Variable-width minipages
\@vwid@box=\box57
\sift@deathcycles=\count274
\@vwid@loff=\dimen177
\@vwid@roff=\dimen178
)
\c@taburow=\count275
\tabu@nbcols=\count276
\tabu@cnt=\count277
\tabu@Xcol=\count278
\tabu@alloc=\count279
\tabu@nested=\count280
\tabu@target=\dimen179
\tabu@spreadtarget=\dimen180
\tabu@naturalX=\dimen181
\tabucolX=\dimen182
\tabu@Xsum=\dimen183
\extrarowdepth=\dimen184
\abovetabulinesep=\dimen185
\belowtabulinesep=\dimen186
\tabustrutrule=\dimen187
\tabu@thebody=\toks31
\tabu@footnotes=\toks32
\tabu@box=\box58
\tabu@arstrutbox=\box59
\tabu@hleads=\box60
\tabu@vleads=\box61
\tabu@cellskip=\skip65
) (c:/texlive/2020/texmf-dist/tex/latex/threeparttable/threeparttable.sty
Package: threeparttable 2003/06/13  v 3.0
\@tempboxb=\box62
) (c:/texlive/2020/texmf-dist/tex/latex/threeparttablex/threeparttablex.sty
Package: threeparttablex 2013/07/23 v0.3 by daleif
(c:/texlive/2020/texmf-dist/tex/latex/environ/environ.sty
Package: environ 2014/05/04 v0.3 A new way to define environments
(c:/texlive/2020/texmf-dist/tex/latex/trimspaces/trimspaces.sty
Package: trimspaces 2009/09/17 v1.1 Trim spaces around a token list
))
\TPTL@width=\skip66
) (c:/texlive/2020/texmf-dist/tex/generic/ulem/ulem.sty
\UL@box=\box63
\UL@hyphenbox=\box64
\UL@skip=\skip67
\UL@hook=\toks33
\UL@height=\dimen188
\UL@pe=\count281
\UL@pixel=\dimen189
\ULC@box=\box65
Package: ulem 2019/11/18
\ULdepth=\dimen190
) (c:/texlive/2020/texmf-dist/tex/latex/makecell/makecell.sty
Package: makecell 2009/08/03 V0.1e Managing of Tab Column Heads and Cells
\rotheadsize=\dimen191
\c@nlinenum=\count282
\TeXr@lab=\toks34
) (c:/texlive/2020/texmf-dist/tex/latex/bookmark/bookmark.sty
Package: bookmark 2019/12/03 v1.28 PDF bookmarks (HO)
(c:/texlive/2020/texmf-dist/tex/latex/hyperref/hyperref.sty
Package: hyperref 2020/01/14 v7.00d Hypertext links for LaTeX
(c:/texlive/2020/texmf-dist/tex/latex/pdftexcmds/pdftexcmds.sty
Package: pdftexcmds 2019/11/24 v0.31 Utility functions of pdfTeX for LuaTeX (HO
)
(c:/texlive/2020/texmf-dist/tex/generic/infwarerr/infwarerr.sty
Package: infwarerr 2019/12/03 v1.5 Providing info/warning/error messages (HO)
)
Package pdftexcmds Info: \pdf@primitive is available.
Package pdftexcmds Info: \pdf@ifprimitive is available.
Package pdftexcmds Info: \pdfdraftmode found.
) (c:/texlive/2020/texmf-dist/tex/generic/kvdefinekeys/kvdefinekeys.sty
Package: kvdefinekeys 2019-12-19 v1.6 Define keys (HO)
) (c:/texlive/2020/texmf-dist/tex/generic/pdfescape/pdfescape.sty
Package: pdfescape 2019/12/09 v1.15 Implements pdfTeX's escape features (HO)
) (c:/texlive/2020/texmf-dist/tex/latex/hycolor/hycolor.sty
Package: hycolor 2020-01-27 v1.10 Color options for hyperref/bookmark (HO)
) (c:/texlive/2020/texmf-dist/tex/latex/letltxmacro/letltxmacro.sty
Package: letltxmacro 2019/12/03 v1.6 Let assignment for LaTeX macros (HO)
) (c:/texlive/2020/texmf-dist/tex/latex/auxhook/auxhook.sty
Package: auxhook 2019-12-17 v1.6 Hooks for auxiliary files (HO)
)
\@linkdim=\dimen192
\Hy@linkcounter=\count283
\Hy@pagecounter=\count284
(c:/texlive/2020/texmf-dist/tex/latex/hyperref/pd1enc.def
File: pd1enc.def 2020/01/14 v7.00d Hyperref: PDFDocEncoding definition (HO)
Now handling font encoding PD1 ...
... no UTF-8 mapping file for font encoding PD1
) (c:/texlive/2020/texmf-dist/tex/generic/intcalc/intcalc.sty
Package: intcalc 2019/12/15 v1.3 Expandable calculations with integers (HO)
) (c:/texlive/2020/texmf-dist/tex/generic/etexcmds/etexcmds.sty
Package: etexcmds 2019/12/15 v1.7 Avoid name clashes with e-TeX commands (HO)
)
\Hy@SavedSpaceFactor=\count285
Package hyperref Info: Option `unicode' set `true' on input line 4421.
(c:/texlive/2020/texmf-dist/tex/latex/hyperref/puenc.def
File: puenc.def 2020/01/14 v7.00d Hyperref: PDF Unicode definition (HO)
Now handling font encoding PU ...
... no UTF-8 mapping file for font encoding PU
)
Package hyperref Info: Hyper figures OFF on input line 4547.
Package hyperref Info: Link nesting OFF on input line 4552.
Package hyperref Info: Hyper index ON on input line 4555.
Package hyperref Info: Plain pages OFF on input line 4562.
Package hyperref Info: Backreferencing OFF on input line 4567.
Package hyperref Info: Implicit mode ON; LaTeX internals redefined.
Package hyperref Info: Bookmarks ON on input line 4800.
\c@Hy@tempcnt=\count286
(c:/texlive/2020/texmf-dist/tex/latex/url/url.sty
\Urlmuskip=\muskip17
Package: url 2013/09/16  ver 3.4  Verb mode for urls, etc.
)
LaTeX Info: Redefining \url on input line 5159.
\XeTeXLinkMargin=\dimen193
(c:/texlive/2020/texmf-dist/tex/generic/bitset/bitset.sty
Package: bitset 2019/12/09 v1.3 Handle bit-vector datatype (HO)
(c:/texlive/2020/texmf-dist/tex/generic/bigintcalc/bigintcalc.sty
Package: bigintcalc 2019/12/15 v1.5 Expandable calculations on big integers (HO
)
))
\Fld@menulength=\count287
\Field@Width=\dimen194
\Fld@charsize=\dimen195
Package hyperref Info: Hyper figures OFF on input line 6430.
Package hyperref Info: Link nesting OFF on input line 6435.
Package hyperref Info: Hyper index ON on input line 6438.
Package hyperref Info: backreferencing OFF on input line 6445.
Package hyperref Info: Link coloring OFF on input line 6450.
Package hyperref Info: Link coloring with OCG OFF on input line 6455.
Package hyperref Info: PDF/A mode OFF on input line 6460.
LaTeX Info: Redefining \ref on input line 6500.
LaTeX Info: Redefining \pageref on input line 6504.
(c:/texlive/2020/texmf-dist/tex/generic/atbegshi/atbegshi.sty
Package: atbegshi 2019/12/05 v1.19 At begin shipout hook (HO)
)
\Hy@abspage=\count288
\c@Item=\count289
\c@Hfootnote=\count290
)
Package hyperref Info: Driver (autodetected): hpdftex.
(c:/texlive/2020/texmf-dist/tex/latex/hyperref/hpdftex.def
File: hpdftex.def 2020/01/14 v7.00d Hyperref driver for pdfTeX
(c:/texlive/2020/texmf-dist/tex/latex/atveryend/atveryend.sty
Package: atveryend 2019-12-11 v1.11 Hooks at the very end of document (HO)
)
\Fld@listcount=\count291
\c@bookmark@seq@number=\count292
(c:/texlive/2020/texmf-dist/tex/latex/rerunfilecheck/rerunfilecheck.sty
Package: rerunfilecheck 2019/12/05 v1.9 Rerun checks for auxiliary files (HO)
(c:/texlive/2020/texmf-dist/tex/generic/uniquecounter/uniquecounter.sty
Package: uniquecounter 2019/12/15 v1.4 Provide unlimited unique counter (HO)
)
Package uniquecounter Info: New unique counter `rerunfilecheck' on input line 2
86.
)
\Hy@SectionHShift=\skip68
) (c:/texlive/2020/texmf-dist/tex/latex/bookmark/bkm-pdftex.def
File: bkm-pdftex.def 2019/12/03 v1.28 bookmark driver for pdfTeX (HO)
\BKM@id=\count293
)) (c:/texlive/2020/texmf-dist/tex/latex/xurl/xurl.sty
Package: xurl 2020/01/24 v 0.09 modify URL breaks
) (c:/texlive/2020/texmf-dist/tex/latex/l3backend/l3backend-pdfmode.def
File: l3backend-pdfmode.def 2020-03-12 L3 backend support: PDF mode
\l__kernel_color_stack_int=\count294
\l__pdf_internal_box=\box66
) (./Supplementary_appendix.aux

LaTeX Warning: Label `tab:paramcomp' multiply defined.


LaTeX Warning: Label `tab:paramcomp' multiply defined.


LaTeX Warning: Label `tab:paramcomp' multiply defined.


LaTeX Warning: Label `tab:paramcomp' multiply defined.


LaTeX Warning: Label `tab:paramcomp' multiply defined.


LaTeX Warning: Label `tab:paramcomp' multiply defined.


LaTeX Warning: Label `tab:paramcomp' multiply defined.


LaTeX Warning: Label `tab:paramcomp' multiply defined.


LaTeX Warning: Label `tab:paramcomp' multiply defined.

)
\openout1 = `Supplementary_appendix.aux'.

LaTeX Font Info:    Checking defaults for OML/cmm/m/it on input line 97.
LaTeX Font Info:    ... okay on input line 97.
LaTeX Font Info:    Checking defaults for OMS/cmsy/m/n on input line 97.
LaTeX Font Info:    ... okay on input line 97.
LaTeX Font Info:    Checking defaults for OT1/cmr/m/n on input line 97.
LaTeX Font Info:    ... okay on input line 97.
LaTeX Font Info:    Checking defaults for T1/cmr/m/n on input line 97.
LaTeX Font Info:    ... okay on input line 97.
LaTeX Font Info:    Checking defaults for TS1/cmr/m/n on input line 97.
LaTeX Font Info:    ... okay on input line 97.
LaTeX Font Info:    Checking defaults for OMX/cmex/m/n on input line 97.
LaTeX Font Info:    ... okay on input line 97.
LaTeX Font Info:    Checking defaults for U/cmr/m/n on input line 97.
LaTeX Font Info:    ... okay on input line 97.
LaTeX Font Info:    Checking defaults for PD1/pdf/m/n on input line 97.
LaTeX Font Info:    ... okay on input line 97.
LaTeX Font Info:    Checking defaults for PU/pdf/m/n on input line 97.
LaTeX Font Info:    ... okay on input line 97.
LaTeX Font Info:    Trying to load font information for T1+lmr on input line 97
.
(c:/texlive/2020/texmf-dist/tex/latex/lm/t1lmr.fd
File: t1lmr.fd 2009/10/30 v1.6 Font defs for Latin Modern
)
LaTeX Info: Redefining \microtypecontext on input line 97.
Package microtype Info: Generating PDF output.
Package microtype Info: Character protrusion enabled (level 2).
Package microtype Info: Using protrusion set `basicmath'.
Package microtype Info: Automatic font expansion enabled (level 2),
(microtype)             stretch: 20, shrink: 20, step: 1, non-selected.
Package microtype Info: Using default expansion set `basictext'.
LaTeX Info: Redefining \showhyphens on input line 97.
Package microtype Info: No adjustment of tracking.
Package microtype Info: No adjustment of interword spacing.
Package microtype Info: No adjustment of character kerning.
(c:/texlive/2020/texmf-dist/tex/latex/microtype/mt-cmr.cfg
File: mt-cmr.cfg 2013/05/19 v2.2 microtype config. file: Computer Modern Roman 
(RS)
) (c:/texlive/2020/texmf-dist/tex/context/base/mkii/supp-pdf.mkii
[Loading MPS to PDF converter (version 2006.09.02).]
\scratchcounter=\count295
\scratchdimen=\dimen196
\scratchbox=\box67
\nofMPsegments=\count296
\nofMParguments=\count297
\everyMPshowfont=\toks35
\MPscratchCnt=\count298
\MPscratchDim=\dimen197
\MPnumerator=\count299
\makeMPintoPDFobject=\count300
\everyMPtoPDFconversion=\toks36
) (c:/texlive/2020/texmf-dist/tex/latex/epstopdf-pkg/epstopdf-base.sty
Package: epstopdf-base 2020-01-24 v2.11 Base part for package epstopdf
Package epstopdf-base Info: Redefining graphics rule for `.eps' on input line 4
85.
(c:/texlive/2020/texmf-dist/tex/latex/latexconfig/epstopdf-sys.cfg
File: epstopdf-sys.cfg 2010/07/13 v1.3 Configuration of (r)epstopdf for TeX Liv
e
))
*geometry* driver: auto-detecting
*geometry* detected driver: pdftex
*geometry* verbose mode - [ preamble ] result:
* driver: pdftex
* paper: <default>
* layout: <same size as paper>
* layoutoffset:(h,v)=(0.0pt,0.0pt)
* modes: 
* h-part:(L,W,R)=(56.9055pt, 500.484pt, 56.9055pt)
* v-part:(T,H,B)=(56.9055pt, 681.15898pt, 56.9055pt)
* \paperwidth=614.295pt
* \paperheight=794.96999pt
* \textwidth=500.484pt
* \textheight=681.15898pt
* \oddsidemargin=-15.36449pt
* \evensidemargin=-15.36449pt
* \topmargin=-52.36449pt
* \headheight=12.0pt
* \headsep=25.0pt
* \topskip=10.0pt
* \footskip=30.0pt
* \marginparwidth=65.0pt
* \marginparsep=11.0pt
* \columnsep=10.0pt
* \skip\footins=9.0pt plus 4.0pt minus 2.0pt
* \hoffset=0.0pt
* \voffset=0.0pt
* \mag=1000
* \@twocolumnfalse
* \@twosidefalse
* \@mparswitchfalse
* \@reversemarginfalse
* (1in=72.27pt=25.4mm, 1cm=28.453pt)

\AtBeginShipoutBox=\box68
Package hyperref Info: Link coloring OFF on input line 97.
(c:/texlive/2020/texmf-dist/tex/latex/hyperref/nameref.sty
Package: nameref 2019/09/16 v2.46 Cross-referencing by name of section
(c:/texlive/2020/texmf-dist/tex/latex/refcount/refcount.sty
Package: refcount 2019/12/15 v3.6 Data extraction from label references (HO)
) (c:/texlive/2020/texmf-dist/tex/generic/gettitlestring/gettitlestring.sty
Package: gettitlestring 2019/12/15 v1.6 Cleanup title references (HO)
)
\c@section@level=\count301
)
LaTeX Info: Redefining \ref on input line 97.
LaTeX Info: Redefining \pageref on input line 97.
LaTeX Info: Redefining \nameref on input line 97.
LaTeX Font Info:    Trying to load font information for OT1+lmr on input line 9
9.
(c:/texlive/2020/texmf-dist/tex/latex/lm/ot1lmr.fd
File: ot1lmr.fd 2009/10/30 v1.6 Font defs for Latin Modern
)
LaTeX Font Info:    Trying to load font information for OML+lmm on input line 9
9.
(c:/texlive/2020/texmf-dist/tex/latex/lm/omllmm.fd
File: omllmm.fd 2009/10/30 v1.6 Font defs for Latin Modern
)
LaTeX Font Info:    Trying to load font information for OMS+lmsy on input line 
99.
(c:/texlive/2020/texmf-dist/tex/latex/lm/omslmsy.fd
File: omslmsy.fd 2009/10/30 v1.6 Font defs for Latin Modern
)
LaTeX Font Info:    Trying to load font information for OMX+lmex on input line 
99.
(c:/texlive/2020/texmf-dist/tex/latex/lm/omxlmex.fd
File: omxlmex.fd 2009/10/30 v1.6 Font defs for Latin Modern
)
LaTeX Font Info:    External font `lmex10' loaded for size
(Font)              <12> on input line 99.
LaTeX Font Info:    External font `lmex10' loaded for size
(Font)              <8> on input line 99.
LaTeX Font Info:    External font `lmex10' loaded for size
(Font)              <6> on input line 99.
LaTeX Font Info:    Trying to load font information for U+msa on input line 99.

(c:/texlive/2020/texmf-dist/tex/latex/amsfonts/umsa.fd
File: umsa.fd 2013/01/14 v3.01 AMS symbols A
) (c:/texlive/2020/texmf-dist/tex/latex/microtype/mt-msa.cfg
File: mt-msa.cfg 2006/02/04 v1.1 microtype config. file: AMS symbols (a) (RS)
)
LaTeX Font Info:    Trying to load font information for U+msb on input line 99.

(c:/texlive/2020/texmf-dist/tex/latex/amsfonts/umsb.fd
File: umsb.fd 2013/01/14 v3.01 AMS symbols B
) (c:/texlive/2020/texmf-dist/tex/latex/microtype/mt-msb.cfg
File: mt-msb.cfg 2005/06/01 v1.0 microtype config. file: AMS symbols (b) (RS)
) (./Supplementary_appendix.toc
LaTeX Font Info:    External font `lmex10' loaded for size
(Font)              <10> on input line 2.
LaTeX Font Info:    External font `lmex10' loaded for size
(Font)              <7> on input line 2.
LaTeX Font Info:    External font `lmex10' loaded for size
(Font)              <5> on input line 2.
)
\tf@toc=\write3
\openout3 = `Supplementary_appendix.toc'.

[1

{c:/texlive/2020/texmf-var/fonts/map/pdftex/updmap/pdftex.map}] [2]
<Supplementary_appendix_files/figure-latex/ESSplots-1.png, id=47, 433.62pt x 28
9.08pt>
File: Supplementary_appendix_files/figure-latex/ESSplots-1.png Graphic file (ty
pe png)
<use Supplementary_appendix_files/figure-latex/ESSplots-1.png>
Package pdftex.def Info: Supplementary_appendix_files/figure-latex/ESSplots-1.p
ng  used on input line 377.
(pdftex.def)             Requested size: 433.63878pt x 289.09251pt.
<Supplementary_appendix_files/figure-latex/ESSplots-2.png, id=48, 433.62pt x 28
9.08pt>
File: Supplementary_appendix_files/figure-latex/ESSplots-2.png Graphic file (ty
pe png)
<use Supplementary_appendix_files/figure-latex/ESSplots-2.png>
Package pdftex.def Info: Supplementary_appendix_files/figure-latex/ESSplots-2.p
ng  used on input line 381.
(pdftex.def)             Requested size: 433.63878pt x 289.09251pt.
[3 <./Supplementary_appendix_files/figure-latex/ESSplots-1.png>]
<Supplementary_appendix_files/figure-latex/ESSplots-3.png, id=57, 433.62pt x 28
9.08pt>
File: Supplementary_appendix_files/figure-latex/ESSplots-3.png Graphic file (ty
pe png)
<use Supplementary_appendix_files/figure-latex/ESSplots-3.png>
Package pdftex.def Info: Supplementary_appendix_files/figure-latex/ESSplots-3.p
ng  used on input line 385.
(pdftex.def)             Requested size: 433.63878pt x 289.09251pt.
[4 <./Supplementary_appendix_files/figure-latex/ESSplots-2.png>]
<Supplementary_appendix_files/figure-latex/ESSplots-4.png, id=64, 433.62pt x 28
9.08pt>
File: Supplementary_appendix_files/figure-latex/ESSplots-4.png Graphic file (ty
pe png)
<use Supplementary_appendix_files/figure-latex/ESSplots-4.png>
Package pdftex.def Info: Supplementary_appendix_files/figure-latex/ESSplots-4.p
ng  used on input line 389.
(pdftex.def)             Requested size: 433.63878pt x 289.09251pt.
[5 <./Supplementary_appendix_files/figure-latex/ESSplots-3.png>]
<Supplementary_appendix_files/figure-latex/ESSplots-5.png, id=71, 433.62pt x 28
9.08pt>
File: Supplementary_appendix_files/figure-latex/ESSplots-5.png Graphic file (ty
pe png)
<use Supplementary_appendix_files/figure-latex/ESSplots-5.png>
Package pdftex.def Info: Supplementary_appendix_files/figure-latex/ESSplots-5.p
ng  used on input line 393.
(pdftex.def)             Requested size: 433.63878pt x 289.09251pt.
[6 <./Supplementary_appendix_files/figure-latex/ESSplots-4.png>]
<Supplementary_appendix_files/figure-latex/ESSplots-6.png, id=78, 433.62pt x 28
9.08pt>
File: Supplementary_appendix_files/figure-latex/ESSplots-6.png Graphic file (ty
pe png)
<use Supplementary_appendix_files/figure-latex/ESSplots-6.png>
Package pdftex.def Info: Supplementary_appendix_files/figure-latex/ESSplots-6.p
ng  used on input line 397.
(pdftex.def)             Requested size: 433.63878pt x 289.09251pt.
[7 <./Supplementary_appendix_files/figure-latex/ESSplots-5.png>]
<Supplementary_appendix_files/figure-latex/distplots-1.png, id=86, 433.62pt x 2
89.08pt>
File: Supplementary_appendix_files/figure-latex/distplots-1.png Graphic file (t
ype png)
<use Supplementary_appendix_files/figure-latex/distplots-1.png>
Package pdftex.def Info: Supplementary_appendix_files/figure-latex/distplots-1.
png  used on input line 405.
(pdftex.def)             Requested size: 433.63878pt x 289.09251pt.
[8 <./Supplementary_appendix_files/figure-latex/ESSplots-6.png>]
<Supplementary_appendix_files/figure-latex/distplots-2.png, id=93, 433.62pt x 2
89.08pt>
File: Supplementary_appendix_files/figure-latex/distplots-2.png Graphic file (t
ype png)
<use Supplementary_appendix_files/figure-latex/distplots-2.png>
Package pdftex.def Info: Supplementary_appendix_files/figure-latex/distplots-2.
png  used on input line 409.
(pdftex.def)             Requested size: 433.63878pt x 289.09251pt.
[9 <./Supplementary_appendix_files/figure-latex/distplots-1.png (PNG copy)>]
<Supplementary_appendix_files/figure-latex/distplots-3.png, id=99, 433.62pt x 2
89.08pt>
File: Supplementary_appendix_files/figure-latex/distplots-3.png Graphic file (t
ype png)
<use Supplementary_appendix_files/figure-latex/distplots-3.png>
Package pdftex.def Info: Supplementary_appendix_files/figure-latex/distplots-3.
png  used on input line 413.
(pdftex.def)             Requested size: 433.63878pt x 289.09251pt.
[10 <./Supplementary_appendix_files/figure-latex/distplots-2.png (PNG copy)>]
<Supplementary_appendix_files/figure-latex/distplots-4.png, id=105, 433.62pt x 
289.08pt>
File: Supplementary_appendix_files/figure-latex/distplots-4.png Graphic file (t
ype png)
<use Supplementary_appendix_files/figure-latex/distplots-4.png>
Package pdftex.def Info: Supplementary_appendix_files/figure-latex/distplots-4.
png  used on input line 417.
(pdftex.def)             Requested size: 433.63878pt x 289.09251pt.
[11 <./Supplementary_appendix_files/figure-latex/distplots-3.png (PNG copy)>]
<Supplementary_appendix_files/figure-latex/distplots-5.png, id=111, 433.62pt x 
289.08pt>
File: Supplementary_appendix_files/figure-latex/distplots-5.png Graphic file (t
ype png)
<use Supplementary_appendix_files/figure-latex/distplots-5.png>
Package pdftex.def Info: Supplementary_appendix_files/figure-latex/distplots-5.
png  used on input line 421.
(pdftex.def)             Requested size: 433.63878pt x 289.09251pt.
[12 <./Supplementary_appendix_files/figure-latex/distplots-4.png (PNG copy)>]
<Supplementary_appendix_files/figure-latex/survplots-1.png, id=117, 433.62pt x 
289.08pt>
File: Supplementary_appendix_files/figure-latex/survplots-1.png Graphic file (t
ype png)
<use Supplementary_appendix_files/figure-latex/survplots-1.png>
Package pdftex.def Info: Supplementary_appendix_files/figure-latex/survplots-1.
png  used on input line 429.
(pdftex.def)             Requested size: 433.63878pt x 289.09251pt.
[13 <./Supplementary_appendix_files/figure-latex/distplots-5.png (PNG copy)>] [
14 <./Supplementary_appendix_files/figure-latex/survplots-1.png>]
<Supplementary_appendix_files/figure-latex/survplots-2.png, id=130, 433.62pt x 
289.08pt>
File: Supplementary_appendix_files/figure-latex/survplots-2.png Graphic file (t
ype png)
<use Supplementary_appendix_files/figure-latex/survplots-2.png>
Package pdftex.def Info: Supplementary_appendix_files/figure-latex/survplots-2.
png  used on input line 432.
(pdftex.def)             Requested size: 433.63878pt x 289.09251pt.
[15 <./Supplementary_appendix_files/figure-latex/survplots-2.png>]
<Supplementary_appendix_files/figure-latex/survplots-3.png, id=137, 433.62pt x 
289.08pt>
File: Supplementary_appendix_files/figure-latex/survplots-3.png Graphic file (t
ype png)
<use Supplementary_appendix_files/figure-latex/survplots-3.png>
Package pdftex.def Info: Supplementary_appendix_files/figure-latex/survplots-3.
png  used on input line 435.
(pdftex.def)             Requested size: 433.63878pt x 289.09251pt.
[16 <./Supplementary_appendix_files/figure-latex/survplots-3.png>]
<Supplementary_appendix_files/figure-latex/survplots-4.png, id=144, 433.62pt x 
289.08pt>
File: Supplementary_appendix_files/figure-latex/survplots-4.png Graphic file (t
ype png)
<use Supplementary_appendix_files/figure-latex/survplots-4.png>
Package pdftex.def Info: Supplementary_appendix_files/figure-latex/survplots-4.
png  used on input line 438.
(pdftex.def)             Requested size: 433.63878pt x 289.09251pt.
[17 <./Supplementary_appendix_files/figure-latex/survplots-4.png>]
<Supplementary_appendix_files/figure-latex/survplots-5.png, id=151, 433.62pt x 
289.08pt>
File: Supplementary_appendix_files/figure-latex/survplots-5.png Graphic file (t
ype png)
<use Supplementary_appendix_files/figure-latex/survplots-5.png>
Package pdftex.def Info: Supplementary_appendix_files/figure-latex/survplots-5.
png  used on input line 441.
(pdftex.def)             Requested size: 433.63878pt x 289.09251pt.
[18 <./Supplementary_appendix_files/figure-latex/survplots-5.png>]
<Supplementary_appendix_files/figure-latex/survplots-6.png, id=158, 433.62pt x 
289.08pt>
File: Supplementary_appendix_files/figure-latex/survplots-6.png Graphic file (t
ype png)
<use Supplementary_appendix_files/figure-latex/survplots-6.png>
Package pdftex.def Info: Supplementary_appendix_files/figure-latex/survplots-6.
png  used on input line 444.
(pdftex.def)             Requested size: 433.63878pt x 289.09251pt.
[19 <./Supplementary_appendix_files/figure-latex/survplots-6.png>]
<Supplementary_appendix_files/figure-latex/expertsurvIS-1.png, id=172, 469.755p
t x 325.215pt>
File: Supplementary_appendix_files/figure-latex/expertsurvIS-1.png Graphic file
 (type png)
<use Supplementary_appendix_files/figure-latex/expertsurvIS-1.png>
Package pdftex.def Info: Supplementary_appendix_files/figure-latex/expertsurvIS
-1.png  used on input line 480.
(pdftex.def)             Requested size: 469.75386pt x 325.2142pt.
[20]
<Supplementary_appendix_files/figure-latex/expertsurvIS-2.png, id=181, 469.755p
t x 325.215pt>
File: Supplementary_appendix_files/figure-latex/expertsurvIS-2.png Graphic file
 (type png)
<use Supplementary_appendix_files/figure-latex/expertsurvIS-2.png>
Package pdftex.def Info: Supplementary_appendix_files/figure-latex/expertsurvIS
-2.png  used on input line 484.
(pdftex.def)             Requested size: 469.75386pt x 325.2142pt.
[21 <./Supplementary_appendix_files/figure-latex/expertsurvIS-1.png>]
<Supplementary_appendix_files/figure-latex/expertsurvIS-3.png, id=187, 469.755p
t x 325.215pt>
File: Supplementary_appendix_files/figure-latex/expertsurvIS-3.png Graphic file
 (type png)
<use Supplementary_appendix_files/figure-latex/expertsurvIS-3.png>
Package pdftex.def Info: Supplementary_appendix_files/figure-latex/expertsurvIS
-3.png  used on input line 488.
(pdftex.def)             Requested size: 469.75386pt x 325.2142pt.
[22 <./Supplementary_appendix_files/figure-latex/expertsurvIS-2.png>]
<Supplementary_appendix_files/figure-latex/expertsurvIS-4.png, id=194, 469.755p
t x 325.215pt>
File: Supplementary_appendix_files/figure-latex/expertsurvIS-4.png Graphic file
 (type png)
<use Supplementary_appendix_files/figure-latex/expertsurvIS-4.png>
Package pdftex.def Info: Supplementary_appendix_files/figure-latex/expertsurvIS
-4.png  used on input line 492.
(pdftex.def)             Requested size: 469.75386pt x 325.2142pt.
[23 <./Supplementary_appendix_files/figure-latex/expertsurvIS-3.png>]
<Supplementary_appendix_files/figure-latex/expertsurvIS-5.png, id=201, 469.755p
t x 325.215pt>
File: Supplementary_appendix_files/figure-latex/expertsurvIS-5.png Graphic file
 (type png)
<use Supplementary_appendix_files/figure-latex/expertsurvIS-5.png>
Package pdftex.def Info: Supplementary_appendix_files/figure-latex/expertsurvIS
-5.png  used on input line 496.
(pdftex.def)             Requested size: 469.75386pt x 325.2142pt.
[24 <./Supplementary_appendix_files/figure-latex/expertsurvIS-4.png>]
<Supplementary_appendix_files/figure-latex/expertsurvIS-6.png, id=207, 469.755p
t x 325.215pt>
File: Supplementary_appendix_files/figure-latex/expertsurvIS-6.png Graphic file
 (type png)
<use Supplementary_appendix_files/figure-latex/expertsurvIS-6.png>
Package pdftex.def Info: Supplementary_appendix_files/figure-latex/expertsurvIS
-6.png  used on input line 500.
(pdftex.def)             Requested size: 469.75386pt x 325.2142pt.
[25 <./Supplementary_appendix_files/figure-latex/expertsurvIS-5.png>]
<Supplementary_appendix_files/figure-latex/plotparams-1.png, id=219, 469.755pt 
x 325.215pt>
File: Supplementary_appendix_files/figure-latex/plotparams-1.png Graphic file (
type png)
<use Supplementary_appendix_files/figure-latex/plotparams-1.png>
Package pdftex.def Info: Supplementary_appendix_files/figure-latex/plotparams-1
.png  used on input line 508.
(pdftex.def)             Requested size: 469.75386pt x 325.2142pt.
[26 <./Supplementary_appendix_files/figure-latex/expertsurvIS-6.png>]
<Supplementary_appendix_files/figure-latex/plotparams-2.png, id=229, 469.755pt 
x 325.215pt>
File: Supplementary_appendix_files/figure-latex/plotparams-2.png Graphic file (
type png)
<use Supplementary_appendix_files/figure-latex/plotparams-2.png>
Package pdftex.def Info: Supplementary_appendix_files/figure-latex/plotparams-2
.png  used on input line 512.
(pdftex.def)             Requested size: 469.75386pt x 325.2142pt.
[27 <./Supplementary_appendix_files/figure-latex/plotparams-1.png>]
<Supplementary_appendix_files/figure-latex/plotparams-3.png, id=235, 469.755pt 
x 325.215pt>
File: Supplementary_appendix_files/figure-latex/plotparams-3.png Graphic file (
type png)
<use Supplementary_appendix_files/figure-latex/plotparams-3.png>
Package pdftex.def Info: Supplementary_appendix_files/figure-latex/plotparams-3
.png  used on input line 516.
(pdftex.def)             Requested size: 469.75386pt x 325.2142pt.
[28 <./Supplementary_appendix_files/figure-latex/plotparams-2.png (PNG copy)>]
<Supplementary_appendix_files/figure-latex/plotparams-4.png, id=241, 469.755pt 
x 325.215pt>
File: Supplementary_appendix_files/figure-latex/plotparams-4.png Graphic file (
type png)
<use Supplementary_appendix_files/figure-latex/plotparams-4.png>
Package pdftex.def Info: Supplementary_appendix_files/figure-latex/plotparams-4
.png  used on input line 520.
(pdftex.def)             Requested size: 469.75386pt x 325.2142pt.
[29 <./Supplementary_appendix_files/figure-latex/plotparams-3.png (PNG copy)>]
<Supplementary_appendix_files/figure-latex/plotparams-5.png, id=247, 469.755pt 
x 325.215pt>
File: Supplementary_appendix_files/figure-latex/plotparams-5.png Graphic file (
type png)
<use Supplementary_appendix_files/figure-latex/plotparams-5.png>
Package pdftex.def Info: Supplementary_appendix_files/figure-latex/plotparams-5
.png  used on input line 524.
(pdftex.def)             Requested size: 469.75386pt x 325.2142pt.
[30 <./Supplementary_appendix_files/figure-latex/plotparams-4.png (PNG copy)>]
<Supplementary_appendix_files/figure-latex/plotparams-6.png, id=252, 469.755pt 
x 325.215pt>
File: Supplementary_appendix_files/figure-latex/plotparams-6.png Graphic file (
type png)
<use Supplementary_appendix_files/figure-latex/plotparams-6.png>
Package pdftex.def Info: Supplementary_appendix_files/figure-latex/plotparams-6
.png  used on input line 528.
(pdftex.def)             Requested size: 469.75386pt x 325.2142pt.
[31 <./Supplementary_appendix_files/figure-latex/plotparams-5.png (PNG copy)>]
<Supplementary_appendix_files/figure-latex/AUC-1.png, id=261, 469.755pt x 325.2
15pt>
File: Supplementary_appendix_files/figure-latex/AUC-1.png Graphic file (type pn
g)
<use Supplementary_appendix_files/figure-latex/AUC-1.png>
Package pdftex.def Info: Supplementary_appendix_files/figure-latex/AUC-1.png  u
sed on input line 559.
(pdftex.def)             Requested size: 469.75386pt x 325.2142pt.
[32 <./Supplementary_appendix_files/figure-latex/plotparams-6.png (PNG copy)>]
<Supplementary_appendix_files/figure-latex/ststar-1.png, id=270, 469.755pt x 32
5.215pt>
File: Supplementary_appendix_files/figure-latex/ststar-1.png Graphic file (type
 png)
<use Supplementary_appendix_files/figure-latex/ststar-1.png>
Package pdftex.def Info: Supplementary_appendix_files/figure-latex/ststar-1.png
  used on input line 602.
(pdftex.def)             Requested size: 469.75386pt x 325.2142pt.
[33 <./Supplementary_appendix_files/figure-latex/AUC-1.png>]
Package atveryend Info: Empty hook `BeforeClearDocument' on input line 605.
[34 <./Supplementary_appendix_files/figure-latex/ststar-1.png>]
Package atveryend Info: Empty hook `AfterLastShipout' on input line 605.
(./Supplementary_appendix.aux)
Package atveryend Info: Executing hook `AtVeryEndDocument' on input line 605.
Package atveryend Info: Empty hook `AtEndAfterFileList' on input line 605.

LaTeX Warning: There were multiply-defined labels.

 ) 
Here is how much of TeX's memory you used:
 14880 strings out of 480607
 224731 string characters out of 5907502
 532873 words of memory out of 5000000
 30311 multiletter control sequences out of 15000+600000
 581085 words of font info for 95 fonts, out of 8000000 for 9000
 1141 hyphenation exceptions out of 8191
 41i,9n,42p,1054b,337s stack positions out of 5000i,500n,10000p,200000b,80000s
{c:/texlive/2020/texmf-dist/fonts/enc/dvips/lm/lm-ec.enc}<c:/texlive/2020/tex
mf-dist/fonts/type1/public/lm/lmbx10.pfb><c:/texlive/2020/texmf-dist/fonts/type
1/public/lm/lmbx12.pfb><c:/texlive/2020/texmf-dist/fonts/type1/public/lm/lmr10.
pfb><c:/texlive/2020/texmf-dist/fonts/type1/public/lm/lmr12.pfb><c:/texlive/202
0/texmf-dist/fonts/type1/public/lm/lmr17.pfb>
Output written on Supplementary_appendix.pdf (34 pages, 2128785 bytes).
PDF statistics:
 355 PDF objects out of 1000 (max. 8388607)
 259 compressed objects within 3 object streams
 91 named destinations out of 1000 (max. 500000)
 10476 words of extra memory for PDF output out of 12000 (max. 10000000)

